
ROM used:   355/2048 (17%)
            355/2048 (17%) including unused fragments

            0.1 Average locations per line
            1.1 Average locations per statement

RAM used:   36/224 (16%) at main() level
            39/224 (17%) worst case

Stack used: 4 worst case (3 in main + 1 for interrupts)
Stack size: 8

Lines Stmts  %   Files
----- ----- ---  -----
  109    62  19  main.c
    4     0   0  main.h
  519     0   0  ..\..\..\..\..\Program Files (x86)\PICC\Devices\16F628A.h
 2229   257  81  ..\..\..\..\..\Program Files (x86)\PICC\Drivers\math.h
----- -----
 2861   319 Total

Page ROM  %  RAM    Vol Diff  Functions:
---- --- --- ---    --- ----  ----------
0     21   6    1     56  2.1  @delay_ms2
0     21   6    0     56  2.1  timer1kesme
0    206  58   21   2310  8.8  MAIN
0     37  10    2             @MUL88
0     21   6    3             @DIV88
 Inline         0             @cinit1

Program metrics:
    Functions               3
    Statements              319
    Comments                366
    Volume (V)              2612
    Difficulty (D)          14.3
    Effort to implement (E) 37409
    Time to implement (T)   35 minutes
    Est Delivered Bugs (B)  0
    Cyclomatic Complexity   5
    Maintainability (MI)    11

 Segment     Used  Free
-----------  ----  ----
00000-00003     4  0  
00004-00030    45  0  
00031-007FF   306  1693  



